#! /usr/local/bin/vvp
:ivl_version "13.0 (devel)" "(s20250103-26-gb0c57ab17)";
:ivl_delay_selection "TYPICAL";
:vpi_time_precision + 0;
:vpi_module "/usr/local/lib/ivl/system.vpi";
:vpi_module "/usr/local/lib/ivl/vhdl_sys.vpi";
:vpi_module "/usr/local/lib/ivl/vhdl_textio.vpi";
:vpi_module "/usr/local/lib/ivl/v2005_math.vpi";
:vpi_module "/usr/local/lib/ivl/va_math.vpi";
S_0x55be069f9fa0 .scope module, "Sequencia" "Sequencia" 2 1;
 .timescale 0 0;
    .port_info 0 /INPUT 1 "clk";
    .port_info 1 /INPUT 1 "rst_n";
    .port_info 2 /INPUT 1 "setar_palavra";
    .port_info 3 /INPUT 8 "palavra";
    .port_info 4 /INPUT 1 "start";
    .port_info 5 /INPUT 1 "bit_in";
    .port_info 6 /OUTPUT 1 "encontrado";
o0x7fa066bac018 .functor BUFZ 1, c4<z>; HiZ drive
v0x55be069fac40_0 .net "bit_in", 0 0, o0x7fa066bac018;  0 drivers
v0x55be06a201e0_0 .var "buscando", 0 0;
o0x7fa066bac078 .functor BUFZ 1, c4<z>; HiZ drive
v0x55be06a46fc0_0 .net "clk", 0 0, o0x7fa066bac078;  0 drivers
v0x55be06a47060_0 .var "encontrado", 0 0;
v0x55be06a47120_0 .var "encontrado_reg", 0 0;
o0x7fa066bac108 .functor BUFZ 8, c4<zzzzzzzz>; HiZ drive
v0x55be06a47230_0 .net "palavra", 7 0, o0x7fa066bac108;  0 drivers
v0x55be06a47310_0 .var "palavra_reg", 7 0;
o0x7fa066bac168 .functor BUFZ 1, c4<z>; HiZ drive
v0x55be06a473f0_0 .net "rst_n", 0 0, o0x7fa066bac168;  0 drivers
o0x7fa066bac198 .functor BUFZ 1, c4<z>; HiZ drive
v0x55be06a474b0_0 .net "setar_palavra", 0 0, o0x7fa066bac198;  0 drivers
v0x55be06a47570_0 .var "shift_reg", 7 0;
o0x7fa066bac1f8 .functor BUFZ 1, c4<z>; HiZ drive
v0x55be06a47650_0 .net "start", 0 0, o0x7fa066bac1f8;  0 drivers
E_0x55be06a32af0/0 .event negedge, v0x55be06a473f0_0;
E_0x55be06a32af0/1 .event posedge, v0x55be06a46fc0_0;
E_0x55be06a32af0 .event/or E_0x55be06a32af0/0, E_0x55be06a32af0/1;
    .scope S_0x55be069f9fa0;
T_0 ;
    %wait E_0x55be06a32af0;
    %load/vec4 v0x55be06a473f0_0;
    %nor/r;
    %flag_set/vec4 8;
    %jmp/0xz  T_0.0, 8;
    %pushi/vec4 0, 0, 8;
    %assign/vec4 v0x55be06a47310_0, 0;
    %pushi/vec4 0, 0, 8;
    %assign/vec4 v0x55be06a47570_0, 0;
    %pushi/vec4 0, 0, 1;
    %assign/vec4 v0x55be06a47120_0, 0;
    %pushi/vec4 0, 0, 1;
    %assign/vec4 v0x55be06a201e0_0, 0;
    %jmp T_0.1;
T_0.0 ;
    %load/vec4 v0x55be06a474b0_0;
    %flag_set/vec4 8;
    %jmp/0xz  T_0.2, 8;
    %load/vec4 v0x55be06a47230_0;
    %assign/vec4 v0x55be06a47310_0, 0;
    %pushi/vec4 0, 0, 1;
    %assign/vec4 v0x55be06a47120_0, 0;
    %pushi/vec4 1, 0, 1;
    %assign/vec4 v0x55be06a201e0_0, 0;
    %jmp T_0.3;
T_0.2 ;
    %load/vec4 v0x55be06a47650_0;
    %flag_set/vec4 9;
    %flag_get/vec4 9;
    %jmp/0 T_0.6, 9;
    %load/vec4 v0x55be06a201e0_0;
    %and;
T_0.6;
    %flag_set/vec4 8;
    %jmp/0xz  T_0.4, 8;
    %load/vec4 v0x55be06a47570_0;
    %parti/s 7, 0, 2;
    %load/vec4 v0x55be069fac40_0;
    %concat/vec4; draw_concat_vec4
    %assign/vec4 v0x55be06a47570_0, 0;
    %load/vec4 v0x55be06a47570_0;
    %load/vec4 v0x55be06a47310_0;
    %cmp/e;
    %jmp/0xz  T_0.7, 4;
    %pushi/vec4 1, 0, 1;
    %assign/vec4 v0x55be06a47120_0, 0;
    %pushi/vec4 0, 0, 1;
    %assign/vec4 v0x55be06a201e0_0, 0;
T_0.7 ;
T_0.4 ;
T_0.3 ;
T_0.1 ;
    %jmp T_0;
    .thread T_0;
    .scope S_0x55be069f9fa0;
T_1 ;
    %wait E_0x55be06a32af0;
    %load/vec4 v0x55be06a473f0_0;
    %nor/r;
    %flag_set/vec4 8;
    %jmp/0xz  T_1.0, 8;
    %pushi/vec4 0, 0, 1;
    %assign/vec4 v0x55be06a47060_0, 0;
    %jmp T_1.1;
T_1.0 ;
    %load/vec4 v0x55be06a47120_0;
    %assign/vec4 v0x55be06a47060_0, 0;
T_1.1 ;
    %jmp T_1;
    .thread T_1;
# The file index is used to find the file name in the following table.
:file_names 3;
    "N/A";
    "<interactive>";
    "sequencia.v";
